Using pre-set license
Built from '2020.3/china_unity/release' branch; Version is '2020.3.12f1c1 (5887f62ce680) revision 5801974'; Using compiler version '192528614'; Build Type 'Release'
OS: 'Windows 10 Home China; OS build 18362.1256; Version 1903; 64bit' Language: 'zh' Physical Memory: 8149 MB
BatchMode: 1, IsHumanControllingUs: 0, StartBugReporterOnCrash: 0, Is64bit: 1, IsPro: 0

 COMMAND LINE ARGUMENTS:
D:\UnityResource\2020.3.12f1c1\Editor\Unity.exe
-adb2
-batchMode
-noUpm
-name
AssetImportWorker0
-projectPath
D:/GameDemo/GameDemo
-logFile
Logs/AssetImportWorker0.log
-srvPort
56123
Successfully changed project path to: D:/GameDemo/GameDemo
D:/GameDemo/GameDemo
Using Asset Import Pipeline V2.
Refreshing native plugins compatible for Editor in 1211.96 ms, found 3 plugins.
Preloading 0 native plugins for Editor in 0.00 ms.
Initialize engine version: 2020.3.12f1c1 (5887f62ce680)
[Subsystems] Discovering subsystems at path D:/UnityResource/2020.3.12f1c1/Editor/Data/Resources/UnitySubsystems
[Subsystems] Discovering subsystems at path D:/GameDemo/GameDemo/Assets
GfxDevice: creating device client; threaded=0
Direct3D:
    Version:  Direct3D 11.0 [level 11.1]
    Renderer: NVIDIA GeForce GTX 1060 (ID=0x1c60)
    Vendor:   
    VRAM:     6052 MB
    Driver:   27.21.14.5148
Initialize mono
Mono path[0] = 'D:/UnityResource/2020.3.12f1c1/Editor/Data/Managed'
Mono path[1] = 'D:/UnityResource/2020.3.12f1c1/Editor/Data/MonoBleedingEdge/lib/mono/unityjit'
Mono config path = 'D:/UnityResource/2020.3.12f1c1/Editor/Data/MonoBleedingEdge/etc'
Using monoOptions --debugger-agent=transport=dt_socket,embedding=1,server=y,suspend=n,address=127.0.0.1:56292
Begin MonoManager ReloadAssembly
Registering precompiled unity dll's ...
Register platform support module: D:/UnityResource/2020.3.12f1c1/Editor/Data/PlaybackEngines/WindowsStandaloneSupport/UnityEditor.WindowsStandalone.Extensions.dll
Registered in 0.023037 seconds.
Native extension for WindowsStandalone target not found
Refreshing native plugins compatible for Editor in 83.61 ms, found 3 plugins.
Preloading 0 native plugins for Editor in 0.00 ms.
Mono: successfully reloaded assembly
- Completed reload, in  5.580 seconds
Platform modules already initialized, skipping
Registering precompiled user dll's ...
Registered in 0.245087 seconds.
